<?xml version="1.0" encoding="UTF-8"?>
<!-- Generated by org.testng.reporters.JUnitReportReporter -->
<testsuite skipped="0" hostname="geetesh" name="practiceAPIcall.Practice" tests="1" failures="0" timestamp="31 Jan 2018 16:15:24 GMT" time="2.773" errors="0">
  <testcase name="testOutPut" time="2.773" classname="practiceAPIcall.Practice"/>
</testsuite> <!-- practiceAPIcall.Practice -->
